2020-09-11 15:06:47,034 INFO ######### Parameters #########
2020-09-11 15:06:47,034 INFO Number of epochs: 50
2020-09-11 15:06:47,034 INFO Logging directory: ./checkpoints/log2020-09-11_15-06-47
2020-09-11 15:06:47,034 INFO Dump validation accuracy every: 1
2020-09-11 15:06:47,034 INFO ##############################
2020-09-11 15:06:47,034 INFO Loading Adobe5k dataset ...
2020-09-11 15:06:47,048 INFO Loading Adobe5k dataset ...
2020-09-11 15:06:47,062 INFO ######### Network created #########
2020-09-11 15:49:11,179 INFO [1] train loss: 0.037840828299522
2020-09-11 15:50:55,382 INFO [1] valid loss: 0.028451412916183
2020-09-11 15:50:55,383 INFO Evaluating model on validation and test dataset
2020-09-11 15:52:42,075 INFO loss_valid: 0.02845 psnr_valid: 22.803 ssim_valid: 0.847
2020-09-11 15:52:42,078 INFO Validation PSNR has increased. Saving the more accurate model to file: deeplpf_validpsnr_22.803474541359357_validloss_0.02845141291618347_epoch_0_model.pt
2020-09-11 16:34:54,227 INFO [2] train loss: 0.030336460098624
2020-09-11 16:36:37,243 INFO [2] valid loss: 0.025486715137959
2020-09-11 16:36:37,244 INFO Evaluating model on validation and test dataset
2020-09-11 16:38:25,722 INFO loss_valid: 0.02549 psnr_valid: 23.781 ssim_valid: 0.873
2020-09-11 16:38:25,725 INFO Validation PSNR has increased. Saving the more accurate model to file: deeplpf_validpsnr_23.781489091094226_validloss_0.025486715137958527_epoch_1_model.pt
2020-09-11 17:21:01,161 INFO [3] train loss: 0.028910607099533
2020-09-11 17:22:48,514 INFO [3] valid loss: 0.025284690782428
2020-09-11 17:22:48,515 INFO Evaluating model on validation and test dataset
2020-09-11 17:24:37,809 INFO loss_valid: 0.02528 psnr_valid: 23.879 ssim_valid: 0.873
2020-09-11 17:24:37,810 INFO Validation PSNR has increased. Saving the more accurate model to file: deeplpf_validpsnr_23.879262725649493_validloss_0.025284690782427788_epoch_2_model.pt
2020-09-11 18:06:16,371 INFO [4] train loss: 0.028206540271640
2020-09-11 18:07:57,402 INFO [4] valid loss: 0.025862434878945
2020-09-11 18:07:57,403 INFO Evaluating model on validation and test dataset
2020-09-11 18:09:42,946 INFO loss_valid: 0.02586 psnr_valid: 23.466 ssim_valid: 0.877
2020-09-11 18:51:25,703 INFO [5] train loss: 0.027472469955683
2020-09-11 18:53:02,439 INFO [5] valid loss: 0.029024649411440
2020-09-11 18:53:02,440 INFO Evaluating model on validation and test dataset
2020-09-11 18:54:45,209 INFO loss_valid: 0.02902 psnr_valid: 22.148 ssim_valid: 0.879
2020-09-11 19:35:52,114 INFO [6] train loss: 0.027323346585035
2020-09-11 19:37:33,829 INFO [6] valid loss: 0.023995034396648
2020-09-11 19:37:33,830 INFO Evaluating model on validation and test dataset
2020-09-11 19:39:22,009 INFO loss_valid: 0.02400 psnr_valid: 24.451 ssim_valid: 0.885
2020-09-11 19:39:22,011 INFO Validation PSNR has increased. Saving the more accurate model to file: deeplpf_validpsnr_24.450671656061893_validloss_0.023995034396648407_epoch_5_model.pt
2020-09-11 20:19:43,482 INFO [7] train loss: 0.027029599994421
2020-09-11 20:21:19,372 INFO [7] valid loss: 0.026925491169095
2020-09-11 20:21:19,386 INFO Evaluating model on validation and test dataset
2020-09-11 20:22:59,223 INFO loss_valid: 0.02693 psnr_valid: 23.316 ssim_valid: 0.879
2020-09-11 21:01:53,458 INFO [8] train loss: 0.026680683717132
2020-09-11 21:03:32,962 INFO [8] valid loss: 0.026382161304355
2020-09-11 21:03:32,963 INFO Evaluating model on validation and test dataset
2020-09-11 21:05:16,420 INFO loss_valid: 0.02638 psnr_valid: 23.610 ssim_valid: 0.883
2020-09-11 21:44:03,659 INFO [9] train loss: 0.026419559493661
2020-09-11 21:45:38,960 INFO [9] valid loss: 0.025642618536949
2020-09-11 21:45:38,961 INFO Evaluating model on validation and test dataset
2020-09-11 21:47:16,809 INFO loss_valid: 0.02564 psnr_valid: 23.762 ssim_valid: 0.888
2020-09-11 22:26:19,681 INFO [10] train loss: 0.026397224515676
2020-09-11 22:27:54,416 INFO [10] valid loss: 0.025570075958967
2020-09-11 22:27:54,417 INFO Evaluating model on validation and test dataset
2020-09-11 22:29:34,504 INFO loss_valid: 0.02557 psnr_valid: 23.844 ssim_valid: 0.887
2020-09-11 23:08:59,008 INFO [11] train loss: 0.026159455999732
2020-09-11 23:10:43,903 INFO [11] valid loss: 0.025780804455280
2020-09-11 23:10:43,904 INFO Evaluating model on validation and test dataset
2020-09-11 23:12:28,749 INFO loss_valid: 0.02578 psnr_valid: 23.741 ssim_valid: 0.885
2020-09-11 23:58:50,699 INFO [12] train loss: 0.026005161926150
2020-09-12 00:00:31,443 INFO [12] valid loss: 0.026859251782298
2020-09-12 00:00:31,444 INFO Evaluating model on validation and test dataset
2020-09-12 00:02:12,677 INFO loss_valid: 0.02686 psnr_valid: 23.324 ssim_valid: 0.886
2020-09-12 00:40:43,105 INFO [13] train loss: 0.025898186489940
2020-09-12 00:42:24,239 INFO [13] valid loss: 0.024495033547282
2020-09-12 00:42:24,240 INFO Evaluating model on validation and test dataset
2020-09-12 00:44:11,518 INFO loss_valid: 0.02450 psnr_valid: 24.284 ssim_valid: 0.889
2020-09-12 01:24:34,070 INFO [14] train loss: 0.025675723329186
2020-09-12 01:26:05,260 INFO [14] valid loss: 0.024060565978289
2020-09-12 01:26:05,261 INFO Evaluating model on validation and test dataset
2020-09-12 01:27:40,537 INFO loss_valid: 0.02406 psnr_valid: 24.374 ssim_valid: 0.891
2020-09-12 02:08:00,230 INFO [15] train loss: 0.025839634239674
2020-09-12 02:09:41,232 INFO [15] valid loss: 0.024117834866047
2020-09-12 02:09:41,232 INFO Evaluating model on validation and test dataset
2020-09-12 02:11:25,046 INFO loss_valid: 0.02412 psnr_valid: 24.598 ssim_valid: 0.894
2020-09-12 02:11:25,049 INFO Validation PSNR has increased. Saving the more accurate model to file: deeplpf_validpsnr_24.59836402890942_validloss_0.024117834866046906_epoch_14_model.pt
2020-09-12 02:49:39,731 INFO [16] train loss: 0.025545496493578
2020-09-12 02:51:10,390 INFO [16] valid loss: 0.025268999859691
2020-09-12 02:51:10,391 INFO Evaluating model on validation and test dataset
2020-09-12 02:52:44,035 INFO loss_valid: 0.02527 psnr_valid: 24.104 ssim_valid: 0.888
2020-09-12 03:32:43,346 INFO [17] train loss: 0.025578742846847
2020-09-12 03:34:21,583 INFO [17] valid loss: 0.023784585297108
2020-09-12 03:34:21,584 INFO Evaluating model on validation and test dataset
2020-09-12 03:36:04,236 INFO loss_valid: 0.02378 psnr_valid: 24.495 ssim_valid: 0.895
2020-09-12 04:17:15,886 INFO [18] train loss: 0.025380238890648
2020-09-12 04:18:55,575 INFO [18] valid loss: 0.023387582972646
2020-09-12 04:18:55,577 INFO Evaluating model on validation and test dataset
2020-09-12 04:20:37,709 INFO loss_valid: 0.02339 psnr_valid: 24.777 ssim_valid: 0.899
2020-09-12 04:20:37,712 INFO Validation PSNR has increased. Saving the more accurate model to file: deeplpf_validpsnr_24.776758194482532_validloss_0.02338758297264576_epoch_17_model.pt
2020-09-12 04:59:26,896 INFO [19] train loss: 0.025273114442825
2020-09-12 05:01:05,667 INFO [19] valid loss: 0.023873275145888
2020-09-12 05:01:05,668 INFO Evaluating model on validation and test dataset
2020-09-12 05:02:49,612 INFO loss_valid: 0.02387 psnr_valid: 24.406 ssim_valid: 0.895
2020-09-12 05:40:25,295 INFO [20] train loss: 0.025083540007472
2020-09-12 05:41:58,801 INFO [20] valid loss: 0.026699448004365
2020-09-12 05:41:58,803 INFO Evaluating model on validation and test dataset
2020-09-12 05:43:37,796 INFO loss_valid: 0.02670 psnr_valid: 23.295 ssim_valid: 0.875
2020-09-12 06:21:52,876 INFO [21] train loss: 0.024852406233549
2020-09-12 06:23:28,094 INFO [21] valid loss: 0.023692104965448
2020-09-12 06:23:28,095 INFO Evaluating model on validation and test dataset
2020-09-12 06:25:07,990 INFO loss_valid: 0.02369 psnr_valid: 24.532 ssim_valid: 0.898
2020-09-12 07:03:18,380 INFO [22] train loss: 0.024732792750001
2020-09-12 07:04:51,797 INFO [22] valid loss: 0.026175836101174
2020-09-12 07:04:51,799 INFO Evaluating model on validation and test dataset
2020-09-12 07:06:28,415 INFO loss_valid: 0.02618 psnr_valid: 23.641 ssim_valid: 0.890
2020-09-12 07:44:53,796 INFO [23] train loss: 0.024906978011131
2020-09-12 07:46:26,261 INFO [23] valid loss: 0.023463604971766
2020-09-12 07:46:26,275 INFO Evaluating model on validation and test dataset
2020-09-12 07:48:05,456 INFO loss_valid: 0.02346 psnr_valid: 24.537 ssim_valid: 0.899
2020-09-12 08:26:27,136 INFO [24] train loss: 0.024757586419582
2020-09-12 08:27:59,750 INFO [24] valid loss: 0.025394523516297
2020-09-12 08:27:59,751 INFO Evaluating model on validation and test dataset
2020-09-12 08:29:39,984 INFO loss_valid: 0.02539 psnr_valid: 23.851 ssim_valid: 0.880
2020-09-12 09:08:38,973 INFO [25] train loss: 0.024536792188883
2020-09-12 09:10:12,482 INFO [25] valid loss: 0.024433782324195
2020-09-12 09:10:12,483 INFO Evaluating model on validation and test dataset
2020-09-12 09:11:52,354 INFO loss_valid: 0.02443 psnr_valid: 24.331 ssim_valid: 0.894
2020-09-12 09:51:00,404 INFO [26] train loss: 0.024616653099656
2020-09-12 09:52:38,523 INFO [26] valid loss: 0.024264188483357
2020-09-12 09:52:38,524 INFO Evaluating model on validation and test dataset
2020-09-12 09:54:22,783 INFO loss_valid: 0.02426 psnr_valid: 24.457 ssim_valid: 0.899
